<?xml version="1.0" encoding="UTF-8"?>
<!-- Generated by org.testng.reporters.JUnitReportReporter -->
<testsuite skipped="0" hostname="CORPLPTP000053" name="com.TestNg.invocationCountTest" tests="10" failures="0" timestamp="2020-03-04T00:56:38 IST" time="0.042" errors="0">
  <testcase name="sum" time="0.004" classname="com.TestNg.invocationCountTest"/>
  <testcase name="sum" time="0.003" classname="com.TestNg.invocationCountTest"/>
  <testcase name="sum" time="0.007" classname="com.TestNg.invocationCountTest"/>
  <testcase name="sum" time="0.006" classname="com.TestNg.invocationCountTest"/>
  <testcase name="sum" time="0.003" classname="com.TestNg.invocationCountTest"/>
  <testcase name="sum" time="0.004" classname="com.TestNg.invocationCountTest"/>
  <testcase name="sum" time="0.002" classname="com.TestNg.invocationCountTest"/>
  <testcase name="sum" time="0.007" classname="com.TestNg.invocationCountTest"/>
  <testcase name="sum" time="0.002" classname="com.TestNg.invocationCountTest"/>
  <testcase name="sum" time="0.004" classname="com.TestNg.invocationCountTest"/>
</testsuite> <!-- com.TestNg.invocationCountTest -->
