<?xml version="1.0" encoding="UTF-8"?>
<!-- Generated by org.testng.reporters.JUnitReportReporter -->
<testsuite skipped="0" hostname="CORPLPTP000053" name="com.TestNg.GoogleTest" tests="3" failures="0" timestamp="2020-03-04T00:56:38 IST" time="25.050" errors="0">
  <testcase name="GoogleTitleTest" time="7.476" classname="com.TestNg.GoogleTest"/>
  <testcase name="logotest" time="8.571" classname="com.TestNg.GoogleTest"/>
  <testcase name="maillinkTest" time="9.003" classname="com.TestNg.GoogleTest"/>
</testsuite> <!-- com.TestNg.GoogleTest -->
