<?xml version="1.0" encoding="UTF-8"?>
<!-- Generated by org.testng.reporters.JUnitReportReporter -->
<testsuite skipped="0" hostname="CORPLPTP000053" name="com.TestNg.TestNgBasics" tests="2" failures="0" timestamp="2020-03-04T00:56:38 IST" time="0.009" errors="0">
  <testcase name="searchrecord" time="0.007" classname="com.TestNg.TestNgBasics"/>
  <testcase name="googleTitleTest" time="0.002" classname="com.TestNg.TestNgBasics"/>
</testsuite> <!-- com.TestNg.TestNgBasics -->
