<?xml version="1.0" encoding="UTF-8"?>
<!-- Generated by org.testng.reporters.JUnitReportReporter -->
<testsuite skipped="0" hostname="CORPLPTP000053" name="com.TestNg.ExceptionTimeoutTest" tests="1" failures="0" timestamp="2020-03-04T00:56:38 IST" time="0.012" errors="0">
  <testcase name="test2" time="0.012" classname="com.TestNg.ExceptionTimeoutTest"/>
</testsuite> <!-- com.TestNg.ExceptionTimeoutTest -->
