<?xml version="1.0" encoding="UTF-8"?>
<!-- Generated by org.testng.reporters.JUnitReportReporter -->
<testsuite skipped="0" hostname="CORPLPTP000053" name="com.TestNg.TestNgFeature" tests="4" failures="0" timestamp="2020-03-04T00:56:38 IST" time="0.013" errors="0">
  <testcase name="searchpagetest" time="0.001" classname="com.TestNg.TestNgFeature"/>
  <testcase name="homepagetest" time="0.002" classname="com.TestNg.TestNgFeature"/>
  <testcase name="logintest" time="0.009" classname="com.TestNg.TestNgFeature"/>
  <testcase name="regpagetest" time="0.001" classname="com.TestNg.TestNgFeature"/>
</testsuite> <!-- com.TestNg.TestNgFeature -->
